<?xml version="1.0" encoding="UTF-8"?>
<!-- Generated by org.testng.reporters.JUnitReportReporter -->
<testsuite hostname="BDC6-DX-3M81N62" name="selenium.Demo1" tests="1" failures="0" timestamp="9 Jan 2020 04:13:34 GMT" time="19.808" errors="0">
  <testcase name="test" time="19.808" classname="selenium.Demo1"/>
</testsuite> <!-- selenium.Demo1 -->
