<?xml version="1.0" encoding="UTF-8"?>
<!-- Generated by org.testng.reporters.JUnitReportReporter -->
<testsuite hostname="BDC6-DX-3M81N62" name="selenium.Demo2" tests="1" failures="0" timestamp="9 Jan 2020 06:33:52 GMT" time="21.568" errors="0">
  <testcase name="test" time="21.568" classname="selenium.Demo2"/>
</testsuite> <!-- selenium.Demo2 -->
