<?xml version="1.0" encoding="UTF-8"?>
<!-- Generated by org.testng.reporters.JUnitReportReporter -->
<testsuite hostname="BDC6-DX-3M81N62" name="selenium.Selenium" tests="1" failures="0" timestamp="6 Jan 2020 06:26:01 GMT" time="23.062" errors="0">
  <testcase name="f" time="23.062" classname="selenium.Selenium"/>
</testsuite> <!-- selenium.Selenium -->
